ndn@gpgpu:~/git/movie_annotation/process_code$ python dimension_reduction.py -p ../feature_vectors ../models/ipca.mo
del ../LSMDC\ task/LSMDC16_annos_training.csv IPCA 500 2000000
100
200
300
400
500
Partial fit for array size = (5002, 4096)
600
700
800
900
1000
1100
Partial fit for array size = (5066, 4096)
1200
1300
1400
Load file  3004_500_DAYS_OF_SUMMER_00.25.14.021-00.25.17.872  has problem!!!
Partial fit for array size = (5010, 4096)
1500
1600
1700
1800
1900
Partial fit for array size = (5001, 4096)
2000
2100
2200
2300
2400
Partial fit for array size = (5006, 4096)
2500
2600
2700
2800
2900
3000
Partial fit for array size = (5012, 4096)
3100
3200
3300
3400
3500
3600
Partial fit for array size = (5005, 4096)
3700
3800
3900
4000
4100
Partial fit for array size = (5037, 4096)
4200
4300
4400
4500
4600
Partial fit for array size = (5009, 4096)
4700
4800
4900
5000
5100
5200
Partial fit for array size = (5005, 4096)
5300
5400
5500
5600
Partial fit for array size = (5001, 4096)
5700
5800
5900
6000
6100
Partial fit for array size = (5002, 4096)
6200
6300
6400
6500
6600
6700
Partial fit for array size = (5018, 4096)
6800
6900
7000
7100
Partial fit for array size = (5023, 4096)
7200
7300
7400
7500
Partial fit for array size = (5004, 4096)
7600
7700
7800
7900
8000
Partial fit for array size = (5002, 4096)
8100
8200
8300
8400
8500
Partial fit for array size = (5006, 4096)
8600
8700
8800
8900
9000
9100
Partial fit for array size = (5015, 4096)
9200
9300
9400
9500
9600
Partial fit for array size = (5010, 4096)
9700
9800
9900
10000
10100
Partial fit for array size = (5002, 4096)
10200
10300
10400
10500
10600
Partial fit for array size = (5006, 4096)
10700
10800
10900
11000
Partial fit for array size = (5018, 4096)
11100
11200
11300
11400
11500
Partial fit for array size = (5018, 4096)
11600
11700
11800
11900
Partial fit for array size = (5001, 4096)
12000
12100
12200
12300
Partial fit for array size = (5009, 4096)
12400
12500
12600
12700
12800
Partial fit for array size = (5001, 4096)
12900
13000
13100
13200
13300
13400
Partial fit for array size = (5002, 4096)
13500
13600
13700
13800
Partial fit for array size = (5002, 4096)
13900
14000
14100
14200
14300
Partial fit for array size = (5006, 4096)
14400
14500
14600
14700
14800
Partial fit for array size = (5001, 4096)
14900
15000
15100
15200
15300
Partial fit for array size = (5003, 4096)
15400
15500
15600
15700
15800
15900
Partial fit for array size = (5005, 4096)
16000
16100
16200
16300
16400
16500
Partial fit for array size = (5028, 4096)
16600
16700
16800
16900
17000
17100
Partial fit for array size = (5005, 4096)
17200
17300
17400
17500
17600
Partial fit for array size = (5006, 4096)
17700
17800
17900
18000
Partial fit for array size = (5003, 4096)
18100
18200
18300
18400
Partial fit for array size = (5013, 4096)
18500
18600
18700
18800
18900
Partial fit for array size = (5002, 4096)
19000
19100
19200
19300
19400
19500
19600
Partial fit for array size = (5004, 4096)
19700
19800
19900
20000
20100
20200
Partial fit for array size = (5001, 4096)
20300
20400
20500
20600
20700
20800
Partial fit for array size = (5002, 4096)
20900
21000
21100
21200
21300
Partial fit for array size = (5012, 4096)
21400
21500
21600
21700
21800
Partial fit for array size = (5002, 4096)
21900
22000
22100
22200
Partial fit for array size = (5010, 4096)
22300
22400
22500
22600
22700
Partial fit for array size = (5002, 4096)
22800
22900
23000
23100
23200
Partial fit for array size = (5001, 4096)
23300
23400
23500
23600
Partial fit for array size = (5007, 4096)
23700
23800
23900
24000
24100
Partial fit for array size = (5032, 4096)
24200
24300
24400
24500
24600
Partial fit for array size = (5003, 4096)
24700
24800
24900
25000
25100
Partial fit for array size = (5018, 4096)
25200
25300
25400
25500
25600
Partial fit for array size = (5006, 4096)
25700
25800
25900
26000
Partial fit for array size = (5003, 4096)
26100
26200
26300
26400
Partial fit for array size = (5002, 4096)
26500
26600
26700
26800
26900
Partial fit for array size = (5014, 4096)
27000
27100
27200
27300
27400
Partial fit for array size = (5007, 4096)
27500
27600
27700
27800
27900
Partial fit for array size = (5007, 4096)
28000
28100
28200
28300
28400
Partial fit for array size = (5013, 4096)
28500
28600
28700
28800
Partial fit for array size = (5016, 4096)
28900
29000
29100
Partial fit for array size = (5003, 4096)
29200
29300
29400
29500
29600
Partial fit for array size = (5009, 4096)
29700
29800
29900
30000
30100
Partial fit for array size = (5016, 4096)
30200
30300
30400
30500
Partial fit for array size = (5011, 4096)
30600
30700
30800
30900
31000
Partial fit for array size = (5011, 4096)
31100
31200
31300
31400
Partial fit for array size = (5009, 4096)
31500
31600
31700
31800
31900
Partial fit for array size = (5005, 4096)
32000
32100
32200
32300
Partial fit for array size = (5007, 4096)
32400
32500
32600
32700
Partial fit for array size = (5013, 4096)
32800
32900
33000
33100
Partial fit for array size = (5013, 4096)
33200
33300
33400
33500
33600
Partial fit for array size = (5003, 4096)
33700
33800
33900
34000
34100
34200
Partial fit for array size = (5006, 4096)
34300
34400
34500
34600
34700
Partial fit for array size = (5009, 4096)
34800
34900
35000
35100
35200
35300
Partial fit for array size = (5004, 4096)
35400
35500
35600
35700
35800
Partial fit for array size = (5010, 4096)
35900
36000
36100
36200
36300
Partial fit for array size = (5017, 4096)
36400
36500
36600
36700
36800
Partial fit for array size = (5003, 4096)
36900
37000
37100
37200
37300
Partial fit for array size = (5007, 4096)
37400
37500
37600
37700
Partial fit for array size = (5016, 4096)
37800
37900
38000
38100
Partial fit for array size = (5007, 4096)
38200
38300
38400
38500
38600
Partial fit for array size = (5004, 4096)
38700
38800
38900
Partial fit for array size = (5017, 4096)
39000
39100
39200
39300
39400
Partial fit for array size = (5008, 4096)
39500
39600
39700
39800
39900
Partial fit for array size = (5001, 4096)
40000
40100
40200
40300
40400
Partial fit for array size = (5001, 4096)
40500
40600
40700
40800
40900
Partial fit for array size = (5001, 4096)
41000
41100
41200
41300
41400
Partial fit for array size = (5005, 4096)
41500
41600
41700
41800
41900
Partial fit for array size = (5001, 4096)
42000
42100
42200
42300
Partial fit for array size = (5003, 4096)
42400
42500
42600
42700
42800
Partial fit for array size = (5004, 4096)
42900
43000
43100
43200
43300
Partial fit for array size = (5002, 4096)
43400
43500
43600
43700
43800
Partial fit for array size = (5002, 4096)
43900
44000
44100
44200
44300
Partial fit for array size = (5003, 4096)
44400
44500
44600
44700
Partial fit for array size = (5005, 4096)
44800
44900
45000
45100
45200
45300
Partial fit for array size = (5009, 4096)
45400
45500
45600
45700
45800
45900
Partial fit for array size = (5004, 4096)
46000
46100
46200
46300
46400
Partial fit for array size = (5006, 4096)
46500
46600
46700
46800
46900
Partial fit for array size = (5009, 4096)
47000
47100
47200
47300
47400
47500
Partial fit for array size = (5002, 4096)
47600
47700
47800
47900
48000
48100
Partial fit for array size = (5004, 4096)
48200
48300
48400
48500
48600
48700
Partial fit for array size = (5061, 4096)
48800
48900
49000
49100
49200
Partial fit for array size = (5001, 4096)
49300
49400
49500
49600
49700
Partial fit for array size = (5005, 4096)
49800
49900
50000
50100
50200
50300
Partial fit for array size = (5007, 4096)
50400
50500
50600
50700
Partial fit for array size = (5006, 4096)
50800
50900
51000
51100
51200
Partial fit for array size = (5005, 4096)
51300
51400
51500
51600
51700
51800
51900
Partial fit for array size = (5002, 4096)
52000
52100
52200
52300
52400
52500
Partial fit for array size = (5005, 4096)
52600
52700
52800
52900
53000
53100
Partial fit for array size = (5005, 4096)
53200
53300
53400
53500
53600
Partial fit for array size = (5004, 4096)
53700
53800
53900
54000
54100
54200
Partial fit for array size = (5006, 4096)
54300
54400
54500
54600
54700
54800
Partial fit for array size = (5003, 4096)
54900
55000
55100
55200
55300
55400
Partial fit for array size = (5046, 4096)
55500
55600
55700
55800
55900
56000
Partial fit for array size = (5006, 4096)
56100
56200
56300
56400
Partial fit for array size = (5001, 4096)
56500
56600
56700
Partial fit for array size = (5002, 4096)
56800
56900
57000
Partial fit for array size = (5042, 4096)
57100
57200
57300
57400
57500
57600
57700
Partial fit for array size = (5001, 4096)
57800
57900
58000
58100
58200
58300
58400
Partial fit for array size = (5001, 4096)
58500
58600
58700
58800
58900
59000
59100
Partial fit for array size = (5002, 4096)
59200
59300
59400
59500
59600
Partial fit for array size = (5007, 4096)
59700
59800
59900
60000
60100
Partial fit for array size = (5004, 4096)
60200
60300
60400
60500
Partial fit for array size = (5009, 4096)
60600
60700
60800
60900
61000
Partial fit for array size = (5008, 4096)
61100
61200
61300
61400
Partial fit for array size = (5016, 4096)
61500
61600
61700
61800
Partial fit for array size = (5029, 4096)
61900
62000
62100
62200
62300
Partial fit for array size = (5007, 4096)
62400
62500
62600
62700
62800
Partial fit for array size = (5005, 4096)
62900
63000
63100
63200
63300
63400
Partial fit for array size = (5002, 4096)
63500
63600
63700
63800
63900
Partial fit for array size = (5004, 4096)
64000
64100
64200
64300
64400
Partial fit for array size = (5001, 4096)
64500
64600
64700
64800
64900
Partial fit for array size = (5006, 4096)
65000
65100
65200
65300
65400
Partial fit for array size = (5005, 4096)
65500
65600
65700
65800
65900
Partial fit for array size = (5004, 4096)
66000
66100
66200
66300
66400
66500
Partial fit for array size = (5004, 4096)
66600
66700
66800
66900
67000
67100
Partial fit for array size = (5004, 4096)
67200
67300
67400
67500
67600
Partial fit for array size = (5003, 4096)
67700
67800
67900
68000
Partial fit for array size = (5016, 4096)
68100
68200
68300
68400
68500
68600
Partial fit for array size = (5003, 4096)
68700
68800
68900
69000
69100
Partial fit for array size = (5049, 4096)
69200
69300
69400
69500
Partial fit for array size = (5006, 4096)
69600
69700
69800
Partial fit for array size = (5005, 4096)
69900
70000
70100
70200
70300
70400
Partial fit for array size = (5003, 4096)
70500
70600
70700
70800
70900
Partial fit for array size = (5003, 4096)
71000
71100
Load file  0051_Men_in_black_01.06.45.688-01.06.46.979  has problem!!!
71200
71300
71400
Partial fit for array size = (5010, 4096)
71500
71600
71700
71800
Partial fit for array size = (5001, 4096)
71900
72000
72100
72200
72300
Partial fit for array size = (5011, 4096)
72400
72500
72600
72700
72800
Partial fit for array size = (5038, 4096)
72900
73000
73100
73200
73300
Partial fit for array size = (5005, 4096)
73400
73500
73600
73700
73800
73900
Partial fit for array size = (5005, 4096)
74000
74100
74200
74300
Partial fit for array size = (5004, 4096)
74400
74500
74600
74700
74800
74900
Partial fit for array size = (5005, 4096)
75000
75100
75200
75300
75400
Partial fit for array size = (5002, 4096)
75500
75600
75700
75800
75900
Partial fit for array size = (5004, 4096)
76000
76100
76200
76300
Partial fit for array size = (5028, 4096)
76400
76500
76600
76700
76800
Partial fit for array size = (5011, 4096)
76900
77000
77100
Partial fit for array size = (5010, 4096)
77200
77300
77400
77500
77600
Partial fit for array size = (5015, 4096)
77700
77800
77900
78000
78100
Partial fit for array size = (5058, 4096)
78200
78300
78400
78500
Partial fit for array size = (5014, 4096)
78600
78700
78800
78900
79000
Partial fit for array size = (5002, 4096)
79100
79200
79300
79400
79500
79600
Partial fit for array size = (5010, 4096)
79700
79800
79900
80000
Partial fit for array size = (5004, 4096)
80100
80200
80300
80400
Partial fit for array size = (5005, 4096)
80500
80600
80700
80800
Partial fit for array size = (5001, 4096)
80900
81000
81100
81200
81300
81400
Partial fit for array size = (5008, 4096)
81500
81600
81700
81800
81900
82000
Partial fit for array size = (5004, 4096)
82100
82200
82300
82400
82500
Partial fit for array size = (5005, 4096)
82600
82700
82800
82900
83000
83100
Partial fit for array size = (5001, 4096)
83200
83300
83400
83500
83600
Partial fit for array size = (5008, 4096)
83700
83800
83900
84000
84100
Partial fit for array size = (5006, 4096)
84200
84300
84400
84500
Partial fit for array size = (5013, 4096)
84600
84700
84800
84900
85000
Partial fit for array size = (5010, 4096)
85100
85200
85300
85400
Partial fit for array size = (5002, 4096)
85500
85600
85700
85800
85900
86000
Partial fit for array size = (5010, 4096)
86100
86200
86300
Load file  1037_The_Curious_Case_Of_Benjamin_Button_00.36.04.097-00.36.09.225  has problem!!!
Load file  1037_The_Curious_Case_Of_Benjamin_Button_00.36.09.225-00.36.11.988  has problem!!!
Load file  1037_The_Curious_Case_Of_Benjamin_Button_00.36.11.988-00.36.13.568  has problem!!!
Load file  1037_The_Curious_Case_Of_Benjamin_Button_00.36.25.505-00.36.29.609  has problem!!!
Load file  1037_The_Curious_Case_Of_Benjamin_Button_00.36.33.324-00.36.37.229  has problem!!!
Load file  1037_The_Curious_Case_Of_Benjamin_Button_00.36.37.229-00.36.40.299  has problem!!!
Load file  1037_The_Curious_Case_Of_Benjamin_Button_00.36.40.299-00.36.47.597  has problem!!!
Load file  1037_The_Curious_Case_Of_Benjamin_Button_00.36.47.597-00.36.53.374  has problem!!!
Load file  1037_The_Curious_Case_Of_Benjamin_Button_00.37.03.426-00.37.08.676  has problem!!!
Load file  1037_The_Curious_Case_Of_Benjamin_Button_00.37.11.276-00.37.14.708  has problem!!!
Load file  1037_The_Curious_Case_Of_Benjamin_Button_00.37.17.666-00.37.20.785  has problem!!!
Load file  1037_The_Curious_Case_Of_Benjamin_Button_00.37.30.176-00.37.33.165  has problem!!!
Load file  1037_The_Curious_Case_Of_Benjamin_Button_00.37.37.216-00.37.42.445  has problem!!!
Load file  1037_The_Curious_Case_Of_Benjamin_Button_00.37.42.445-00.37.45.122  has problem!!!
Load file  1037_The_Curious_Case_Of_Benjamin_Button_00.37.48.222-00.37.50.031  has problem!!!
Load file  1037_The_Curious_Case_Of_Benjamin_Button_00.37.50.031-00.37.51.317  has problem!!!
Load file  1037_The_Curious_Case_Of_Benjamin_Button_00.37.56.886-00.37.59.291  has problem!!!
Load file  1037_The_Curious_Case_Of_Benjamin_Button_00.37.59.843-00.38.03.852  has problem!!!
Load file  1037_The_Curious_Case_Of_Benjamin_Button_00.38.03.852-00.38.12.215  has problem!!!
Load file  1037_The_Curious_Case_Of_Benjamin_Button_00.39.17.816-00.39.22.483  has problem!!!
Load file  1037_The_Curious_Case_Of_Benjamin_Button_00.39.25.632-00.39.33.308  has problem!!!
Load file  1037_The_Curious_Case_Of_Benjamin_Button_00.39.33.664-00.39.38.471  has problem!!!
Load file  1037_The_Curious_Case_Of_Benjamin_Button_00.39.40.688-00.39.44.533  has problem!!!
Load file  1037_The_Curious_Case_Of_Benjamin_Button_00.40.35.127-00.40.38.637  has problem!!!
Load file  1037_The_Curious_Case_Of_Benjamin_Button_00.40.57.902-00.41.08.089  has problem!!!
Load file  1037_The_Curious_Case_Of_Benjamin_Button_00.41.08.089-00.41.13.415  has problem!!!
Load file  1037_The_Curious_Case_Of_Benjamin_Button_00.41.15.184-00.41.20.204  has problem!!!
Load file  1037_The_Curious_Case_Of_Benjamin_Button_00.41.22.898-00.41.28.806  has problem!!!
Load file  1037_The_Curious_Case_Of_Benjamin_Button_00.41.35.929-00.41.39.553  has problem!!!
Load file  1037_The_Curious_Case_Of_Benjamin_Button_00.41.41.076-00.41.44.398  has problem!!!
86400
Partial fit for array size = (5004, 4096)
86500
86600
86700
86800
86900
Partial fit for array size = (5011, 4096)
87000
87100
87200
87300
87400
87500
Partial fit for array size = (5003, 4096)
87600
87700
87800
87900
88000
Partial fit for array size = (5008, 4096)
88100
88200
88300
88400
Load file  1042_Up_In_The_Air_00.35.20.115-00.35.22.745  has problem!!!
88500
Partial fit for array size = (5011, 4096)
88600
88700
88800
88900
89000
Partial fit for array size = (5007, 4096)
89100
89200
89300
89400
Partial fit for array size = (5004, 4096)
89500
89600
89700
89800
89900
Partial fit for array size = (5005, 4096)
90000
90100
Load file  1045_An_education_00.59.17.847-00.59.23.094  has problem!!!
90200
90300
Partial fit for array size = (5002, 4096)
90400
90500
90600
90700
Load file  1046_Australia_01.17.51.388-01.17.59.158  has problem!!!
90800
Partial fit for array size = (5006, 4096)
90900
91000
91100
91200
91300
Partial fit for array size = (5005, 4096)
91400
Load file  1047_Defiance_00.38.40.660-00.38.47.972  has problem!!!
Load file  1047_Defiance_00.39.17.694-00.39.25.531  has problem!!!
Load file  1047_Defiance_00.39.27.045-00.39.31.343  has problem!!!
91500
91600
91700
91800
91900
Partial fit for array size = (5014, 4096)
92000
92100
92200
92300
92400
Partial fit for array size = (5011, 4096)
92500
92600
92700
92800
92900
Partial fit for array size = (5007, 4096)
93000
93100
93200
93300
93400
93500
Partial fit for array size = (5004, 4096)
93600
93700
93800
93900
94000
Partial fit for array size = (5001, 4096)
94100
94200
94300
94400
Partial fit for array size = (5002, 4096)
94500
94600
94700
94800
Partial fit for array size = (5003, 4096)
94900
95000
95100
95200
95300
Partial fit for array size = (5004, 4096)
95400
95500
95600
95700
Partial fit for array size = (5002, 4096)
95800
95900
96000
Partial fit for array size = (5031, 4096)
96100
96200
96300
96400
Partial fit for array size = (5007, 4096)
96500
96600
96700
96800
96900
Partial fit for array size = (5001, 4096)
97000
97100
97200
97300
Partial fit for array size = (5004, 4096)
97400
97500
97600
97700
Partial fit for array size = (5014, 4096)
97800
97900
98000
98100
Partial fit for array size = (5028, 4096)
98200
98300
98400
98500
Partial fit for array size = (5002, 4096)
98600
98700
98800
98900
Partial fit for array size = (5005, 4096)
99000
Load file  1060_Yes_man_00.10.25.734-00.10.29.499  has problem!!!
99100
99200
99300
99400
Partial fit for array size = (5008, 4096)
99500
99600
99700
99800
Partial fit for array size = (5026, 4096)
99900
100000
100100
100200
Partial fit for array size = (5014, 4096)
100300
100400
100500
100600
Partial fit for array size = (5008, 4096)
100700
100800
100900
101000
Partial fit for array size = (5020, 4096)
Partial fit for array size = (108, 4096)
Dump model to  ../models/ipca.model
